<?xml version="1.0" encoding="UTF-8"?>
<!-- Generated by org.testng.reporters.JUnitReportReporter -->
<testsuite hostname="250G7SSD-8TH" failures="0" tests="4" name="api.test.UserTests" time="10.828" errors="0" timestamp="2024-03-26T13:09:54 IST" skipped="0">
  <testcase classname="api.test.UserTests" name="testPostUser" time="4.520"/>
  <testcase classname="api.test.UserTests" name="testGetUser" time="1.686"/>
  <testcase classname="api.test.UserTests" name="testPutUser" time="3.071"/>
  <testcase classname="api.test.UserTests" name="testDeleteUser" time="1.551"/>
</testsuite> <!-- api.test.UserTests -->
